/home/kr2/.local/lib/python3.10/site-packages/setuptools/_distutils/dist.py:289: UserWarning: Unknown distribution option: 'tests_require'
  warnings.warn(msg)
running egg_info
creating ../../build/vs_controller/vs_controller.egg-info
writing ../../build/vs_controller/vs_controller.egg-info/PKG-INFO
writing dependency_links to ../../build/vs_controller/vs_controller.egg-info/dependency_links.txt
writing entry points to ../../build/vs_controller/vs_controller.egg-info/entry_points.txt
writing requirements to ../../build/vs_controller/vs_controller.egg-info/requires.txt
writing top-level names to ../../build/vs_controller/vs_controller.egg-info/top_level.txt
writing manifest file '../../build/vs_controller/vs_controller.egg-info/SOURCES.txt'
listing git files failed - pretending there aren't any
reading manifest file '../../build/vs_controller/vs_controller.egg-info/SOURCES.txt'
writing manifest file '../../build/vs_controller/vs_controller.egg-info/SOURCES.txt'
running build
running build_py
creating /home/kr2/adaptative_vs_ws/build/vs_controller/build/lib/vs_controller
copying vs_controller/__init__.py -> /home/kr2/adaptative_vs_ws/build/vs_controller/build/lib/vs_controller
copying vs_controller/Tracking_Error_Plot.py -> /home/kr2/adaptative_vs_ws/build/vs_controller/build/lib/vs_controller
copying vs_controller/visualization.py -> /home/kr2/adaptative_vs_ws/build/vs_controller/build/lib/vs_controller
copying vs_controller/Virtual_Structure_Node.py -> /home/kr2/adaptative_vs_ws/build/vs_controller/build/lib/vs_controller
copying vs_controller/CBFs_Plot.py -> /home/kr2/adaptative_vs_ws/build/vs_controller/build/lib/vs_controller
copying vs_controller/Wheels_Plot.py -> /home/kr2/adaptative_vs_ws/build/vs_controller/build/lib/vs_controller
copying vs_controller/MPC_Plot.py -> /home/kr2/adaptative_vs_ws/build/vs_controller/build/lib/vs_controller
running install
running install_lib
creating /home/kr2/adaptative_vs_ws/install/vs_controller/lib/python3.10/site-packages/vs_controller
copying /home/kr2/adaptative_vs_ws/build/vs_controller/build/lib/vs_controller/__init__.py -> /home/kr2/adaptative_vs_ws/install/vs_controller/lib/python3.10/site-packages/vs_controller
copying /home/kr2/adaptative_vs_ws/build/vs_controller/build/lib/vs_controller/Tracking_Error_Plot.py -> /home/kr2/adaptative_vs_ws/install/vs_controller/lib/python3.10/site-packages/vs_controller
copying /home/kr2/adaptative_vs_ws/build/vs_controller/build/lib/vs_controller/visualization.py -> /home/kr2/adaptative_vs_ws/install/vs_controller/lib/python3.10/site-packages/vs_controller
copying /home/kr2/adaptative_vs_ws/build/vs_controller/build/lib/vs_controller/Virtual_Structure_Node.py -> /home/kr2/adaptative_vs_ws/install/vs_controller/lib/python3.10/site-packages/vs_controller
copying /home/kr2/adaptative_vs_ws/build/vs_controller/build/lib/vs_controller/CBFs_Plot.py -> /home/kr2/adaptative_vs_ws/install/vs_controller/lib/python3.10/site-packages/vs_controller
copying /home/kr2/adaptative_vs_ws/build/vs_controller/build/lib/vs_controller/Wheels_Plot.py -> /home/kr2/adaptative_vs_ws/install/vs_controller/lib/python3.10/site-packages/vs_controller
copying /home/kr2/adaptative_vs_ws/build/vs_controller/build/lib/vs_controller/MPC_Plot.py -> /home/kr2/adaptative_vs_ws/install/vs_controller/lib/python3.10/site-packages/vs_controller
byte-compiling /home/kr2/adaptative_vs_ws/install/vs_controller/lib/python3.10/site-packages/vs_controller/__init__.py to __init__.cpython-310.pyc
byte-compiling /home/kr2/adaptative_vs_ws/install/vs_controller/lib/python3.10/site-packages/vs_controller/Tracking_Error_Plot.py to Tracking_Error_Plot.cpython-310.pyc
byte-compiling /home/kr2/adaptative_vs_ws/install/vs_controller/lib/python3.10/site-packages/vs_controller/visualization.py to visualization.cpython-310.pyc
byte-compiling /home/kr2/adaptative_vs_ws/install/vs_controller/lib/python3.10/site-packages/vs_controller/Virtual_Structure_Node.py to Virtual_Structure_Node.cpython-310.pyc
byte-compiling /home/kr2/adaptative_vs_ws/install/vs_controller/lib/python3.10/site-packages/vs_controller/CBFs_Plot.py to CBFs_Plot.cpython-310.pyc
byte-compiling /home/kr2/adaptative_vs_ws/install/vs_controller/lib/python3.10/site-packages/vs_controller/Wheels_Plot.py to Wheels_Plot.cpython-310.pyc
byte-compiling /home/kr2/adaptative_vs_ws/install/vs_controller/lib/python3.10/site-packages/vs_controller/MPC_Plot.py to MPC_Plot.cpython-310.pyc
running install_data
creating /home/kr2/adaptative_vs_ws/install/vs_controller/share/ament_index/resource_index/packages
copying resource/vs_controller -> /home/kr2/adaptative_vs_ws/install/vs_controller/share/ament_index/resource_index/packages
copying package.xml -> /home/kr2/adaptative_vs_ws/install/vs_controller/share/vs_controller
creating /home/kr2/adaptative_vs_ws/install/vs_controller/share/vs_controller/launch
copying launch/puzzlebots_system.launch.py -> /home/kr2/adaptative_vs_ws/install/vs_controller/share/vs_controller/launch
running install_egg_info
Copying ../../build/vs_controller/vs_controller.egg-info to /home/kr2/adaptative_vs_ws/install/vs_controller/lib/python3.10/site-packages/vs_controller-0.0.0-py3.10.egg-info
running install_scripts
Installing CBFs_Plot script to /home/kr2/adaptative_vs_ws/install/vs_controller/lib/vs_controller
Installing MPC_Plot script to /home/kr2/adaptative_vs_ws/install/vs_controller/lib/vs_controller
Installing Tracking_Error_Plot script to /home/kr2/adaptative_vs_ws/install/vs_controller/lib/vs_controller
Installing Virtual_Structure_Node script to /home/kr2/adaptative_vs_ws/install/vs_controller/lib/vs_controller
Installing Wheels_Plot script to /home/kr2/adaptative_vs_ws/install/vs_controller/lib/vs_controller
Installing visualization script to /home/kr2/adaptative_vs_ws/install/vs_controller/lib/vs_controller
writing list of installed files to '/home/kr2/adaptative_vs_ws/build/vs_controller/install.log'
