[0.447s] Invoking command in '/home/kr2/adaptative_vs_ws/src/vs_controller': PYTHONPATH=/home/kr2/adaptative_vs_ws/build/vs_controller/prefix_override:/usr/lib/python3/dist-packages/colcon_core/task/python/colcon_distutils_commands:/home/kr2/adaptative_vs_ws/install/vs_controller/lib/python3.10/site-packages:${PYTHONPATH} /usr/bin/python3 -W ignore:setup.py install is deprecated -W ignore:easy_install command is deprecated setup.py egg_info --egg-base ../../build/vs_controller build --build-base /home/kr2/adaptative_vs_ws/build/vs_controller/build install --record /home/kr2/adaptative_vs_ws/build/vs_controller/install.log --single-version-externally-managed install_data
[0.548s] /home/kr2/.local/lib/python3.10/site-packages/setuptools/_distutils/dist.py:289: UserWarning: Unknown distribution option: 'tests_require'
[0.548s]   warnings.warn(msg)
[0.605s] running egg_info
[0.612s] creating ../../build/vs_controller/vs_controller.egg-info
[0.612s] writing ../../build/vs_controller/vs_controller.egg-info/PKG-INFO
[0.612s] writing dependency_links to ../../build/vs_controller/vs_controller.egg-info/dependency_links.txt
[0.612s] writing entry points to ../../build/vs_controller/vs_controller.egg-info/entry_points.txt
[0.613s] writing requirements to ../../build/vs_controller/vs_controller.egg-info/requires.txt
[0.613s] writing top-level names to ../../build/vs_controller/vs_controller.egg-info/top_level.txt
[0.613s] writing manifest file '../../build/vs_controller/vs_controller.egg-info/SOURCES.txt'
[0.650s] listing git files failed - pretending there aren't any
[0.877s] reading manifest file '../../build/vs_controller/vs_controller.egg-info/SOURCES.txt'
[0.878s] writing manifest file '../../build/vs_controller/vs_controller.egg-info/SOURCES.txt'
[0.878s] running build
[0.878s] running build_py
[0.878s] creating /home/kr2/adaptative_vs_ws/build/vs_controller/build/lib/vs_controller
[0.878s] copying vs_controller/__init__.py -> /home/kr2/adaptative_vs_ws/build/vs_controller/build/lib/vs_controller
[0.878s] copying vs_controller/Tracking_Error_Plot.py -> /home/kr2/adaptative_vs_ws/build/vs_controller/build/lib/vs_controller
[0.878s] copying vs_controller/visualization.py -> /home/kr2/adaptative_vs_ws/build/vs_controller/build/lib/vs_controller
[0.878s] copying vs_controller/Virtual_Structure_Node.py -> /home/kr2/adaptative_vs_ws/build/vs_controller/build/lib/vs_controller
[0.878s] copying vs_controller/CBFs_Plot.py -> /home/kr2/adaptative_vs_ws/build/vs_controller/build/lib/vs_controller
[0.878s] copying vs_controller/Wheels_Plot.py -> /home/kr2/adaptative_vs_ws/build/vs_controller/build/lib/vs_controller
[0.878s] copying vs_controller/MPC_Plot.py -> /home/kr2/adaptative_vs_ws/build/vs_controller/build/lib/vs_controller
[0.878s] running install
[0.881s] running install_lib
[0.890s] creating /home/kr2/adaptative_vs_ws/install/vs_controller/lib/python3.10/site-packages/vs_controller
[0.890s] copying /home/kr2/adaptative_vs_ws/build/vs_controller/build/lib/vs_controller/__init__.py -> /home/kr2/adaptative_vs_ws/install/vs_controller/lib/python3.10/site-packages/vs_controller
[0.890s] copying /home/kr2/adaptative_vs_ws/build/vs_controller/build/lib/vs_controller/Tracking_Error_Plot.py -> /home/kr2/adaptative_vs_ws/install/vs_controller/lib/python3.10/site-packages/vs_controller
[0.890s] copying /home/kr2/adaptative_vs_ws/build/vs_controller/build/lib/vs_controller/visualization.py -> /home/kr2/adaptative_vs_ws/install/vs_controller/lib/python3.10/site-packages/vs_controller
[0.890s] copying /home/kr2/adaptative_vs_ws/build/vs_controller/build/lib/vs_controller/Virtual_Structure_Node.py -> /home/kr2/adaptative_vs_ws/install/vs_controller/lib/python3.10/site-packages/vs_controller
[0.890s] copying /home/kr2/adaptative_vs_ws/build/vs_controller/build/lib/vs_controller/CBFs_Plot.py -> /home/kr2/adaptative_vs_ws/install/vs_controller/lib/python3.10/site-packages/vs_controller
[0.890s] copying /home/kr2/adaptative_vs_ws/build/vs_controller/build/lib/vs_controller/Wheels_Plot.py -> /home/kr2/adaptative_vs_ws/install/vs_controller/lib/python3.10/site-packages/vs_controller
[0.890s] copying /home/kr2/adaptative_vs_ws/build/vs_controller/build/lib/vs_controller/MPC_Plot.py -> /home/kr2/adaptative_vs_ws/install/vs_controller/lib/python3.10/site-packages/vs_controller
[0.890s] byte-compiling /home/kr2/adaptative_vs_ws/install/vs_controller/lib/python3.10/site-packages/vs_controller/__init__.py to __init__.cpython-310.pyc
[0.891s] byte-compiling /home/kr2/adaptative_vs_ws/install/vs_controller/lib/python3.10/site-packages/vs_controller/Tracking_Error_Plot.py to Tracking_Error_Plot.cpython-310.pyc
[0.891s] byte-compiling /home/kr2/adaptative_vs_ws/install/vs_controller/lib/python3.10/site-packages/vs_controller/visualization.py to visualization.cpython-310.pyc
[0.893s] byte-compiling /home/kr2/adaptative_vs_ws/install/vs_controller/lib/python3.10/site-packages/vs_controller/Virtual_Structure_Node.py to Virtual_Structure_Node.cpython-310.pyc
[0.894s] byte-compiling /home/kr2/adaptative_vs_ws/install/vs_controller/lib/python3.10/site-packages/vs_controller/CBFs_Plot.py to CBFs_Plot.cpython-310.pyc
[0.895s] byte-compiling /home/kr2/adaptative_vs_ws/install/vs_controller/lib/python3.10/site-packages/vs_controller/Wheels_Plot.py to Wheels_Plot.cpython-310.pyc
[0.895s] byte-compiling /home/kr2/adaptative_vs_ws/install/vs_controller/lib/python3.10/site-packages/vs_controller/MPC_Plot.py to MPC_Plot.cpython-310.pyc
[0.896s] running install_data
[0.896s] creating /home/kr2/adaptative_vs_ws/install/vs_controller/share/ament_index/resource_index/packages
[0.896s] copying resource/vs_controller -> /home/kr2/adaptative_vs_ws/install/vs_controller/share/ament_index/resource_index/packages
[0.896s] copying package.xml -> /home/kr2/adaptative_vs_ws/install/vs_controller/share/vs_controller
[0.896s] creating /home/kr2/adaptative_vs_ws/install/vs_controller/share/vs_controller/launch
[0.896s] copying launch/puzzlebots_system.launch.py -> /home/kr2/adaptative_vs_ws/install/vs_controller/share/vs_controller/launch
[0.896s] running install_egg_info
[0.904s] Copying ../../build/vs_controller/vs_controller.egg-info to /home/kr2/adaptative_vs_ws/install/vs_controller/lib/python3.10/site-packages/vs_controller-0.0.0-py3.10.egg-info
[0.905s] running install_scripts
[0.922s] Installing CBFs_Plot script to /home/kr2/adaptative_vs_ws/install/vs_controller/lib/vs_controller
[0.922s] Installing MPC_Plot script to /home/kr2/adaptative_vs_ws/install/vs_controller/lib/vs_controller
[0.922s] Installing Tracking_Error_Plot script to /home/kr2/adaptative_vs_ws/install/vs_controller/lib/vs_controller
[0.922s] Installing Virtual_Structure_Node script to /home/kr2/adaptative_vs_ws/install/vs_controller/lib/vs_controller
[0.922s] Installing Wheels_Plot script to /home/kr2/adaptative_vs_ws/install/vs_controller/lib/vs_controller
[0.922s] Installing visualization script to /home/kr2/adaptative_vs_ws/install/vs_controller/lib/vs_controller
[0.922s] writing list of installed files to '/home/kr2/adaptative_vs_ws/build/vs_controller/install.log'
[0.937s] Invoked command in '/home/kr2/adaptative_vs_ws/src/vs_controller' returned '0': PYTHONPATH=/home/kr2/adaptative_vs_ws/build/vs_controller/prefix_override:/usr/lib/python3/dist-packages/colcon_core/task/python/colcon_distutils_commands:/home/kr2/adaptative_vs_ws/install/vs_controller/lib/python3.10/site-packages:${PYTHONPATH} /usr/bin/python3 -W ignore:setup.py install is deprecated -W ignore:easy_install command is deprecated setup.py egg_info --egg-base ../../build/vs_controller build --build-base /home/kr2/adaptative_vs_ws/build/vs_controller/build install --record /home/kr2/adaptative_vs_ws/build/vs_controller/install.log --single-version-externally-managed install_data
