/home/kr2/adaptative_vs_ws/install/vs_controller/lib/python3.10/site-packages/vs_controller/__init__.py
/home/kr2/adaptative_vs_ws/install/vs_controller/lib/python3.10/site-packages/vs_controller/Tracking_Error_Plot.py
/home/kr2/adaptative_vs_ws/install/vs_controller/lib/python3.10/site-packages/vs_controller/visualization.py
/home/kr2/adaptative_vs_ws/install/vs_controller/lib/python3.10/site-packages/vs_controller/Virtual_Structure_Node.py
/home/kr2/adaptative_vs_ws/install/vs_controller/lib/python3.10/site-packages/vs_controller/CBFs_Plot.py
/home/kr2/adaptative_vs_ws/install/vs_controller/lib/python3.10/site-packages/vs_controller/Wheels_Plot.py
/home/kr2/adaptative_vs_ws/install/vs_controller/lib/python3.10/site-packages/vs_controller/MPC_Plot.py
/home/kr2/adaptative_vs_ws/install/vs_controller/lib/python3.10/site-packages/vs_controller/__pycache__/__init__.cpython-310.pyc
/home/kr2/adaptative_vs_ws/install/vs_controller/lib/python3.10/site-packages/vs_controller/__pycache__/Tracking_Error_Plot.cpython-310.pyc
/home/kr2/adaptative_vs_ws/install/vs_controller/lib/python3.10/site-packages/vs_controller/__pycache__/visualization.cpython-310.pyc
/home/kr2/adaptative_vs_ws/install/vs_controller/lib/python3.10/site-packages/vs_controller/__pycache__/Virtual_Structure_Node.cpython-310.pyc
/home/kr2/adaptative_vs_ws/install/vs_controller/lib/python3.10/site-packages/vs_controller/__pycache__/CBFs_Plot.cpython-310.pyc
/home/kr2/adaptative_vs_ws/install/vs_controller/lib/python3.10/site-packages/vs_controller/__pycache__/Wheels_Plot.cpython-310.pyc
/home/kr2/adaptative_vs_ws/install/vs_controller/lib/python3.10/site-packages/vs_controller/__pycache__/MPC_Plot.cpython-310.pyc
/home/kr2/adaptative_vs_ws/install/vs_controller/share/ament_index/resource_index/packages/vs_controller
/home/kr2/adaptative_vs_ws/install/vs_controller/share/vs_controller/package.xml
/home/kr2/adaptative_vs_ws/install/vs_controller/lib/python3.10/site-packages/vs_controller-0.0.0-py3.10.egg-info/PKG-INFO
/home/kr2/adaptative_vs_ws/install/vs_controller/lib/python3.10/site-packages/vs_controller-0.0.0-py3.10.egg-info/entry_points.txt
/home/kr2/adaptative_vs_ws/install/vs_controller/lib/python3.10/site-packages/vs_controller-0.0.0-py3.10.egg-info/SOURCES.txt
/home/kr2/adaptative_vs_ws/install/vs_controller/lib/python3.10/site-packages/vs_controller-0.0.0-py3.10.egg-info/requires.txt
/home/kr2/adaptative_vs_ws/install/vs_controller/lib/python3.10/site-packages/vs_controller-0.0.0-py3.10.egg-info/zip-safe
/home/kr2/adaptative_vs_ws/install/vs_controller/lib/python3.10/site-packages/vs_controller-0.0.0-py3.10.egg-info/top_level.txt
/home/kr2/adaptative_vs_ws/install/vs_controller/lib/python3.10/site-packages/vs_controller-0.0.0-py3.10.egg-info/dependency_links.txt
/home/kr2/adaptative_vs_ws/install/vs_controller/lib/vs_controller/CBFs_Plot
/home/kr2/adaptative_vs_ws/install/vs_controller/lib/vs_controller/MPC_Plot
/home/kr2/adaptative_vs_ws/install/vs_controller/lib/vs_controller/Tracking_Error_Plot
/home/kr2/adaptative_vs_ws/install/vs_controller/lib/vs_controller/Virtual_Structure_Node
/home/kr2/adaptative_vs_ws/install/vs_controller/lib/vs_controller/Wheels_Plot
/home/kr2/adaptative_vs_ws/install/vs_controller/lib/vs_controller/visualization
