[0.423s] Invoking command in '/home/kr2/adaptative_vs_ws/src/vs_controller': PYTHONPATH=/home/kr2/adaptative_vs_ws/build/vs_controller/prefix_override:/usr/lib/python3/dist-packages/colcon_core/task/python/colcon_distutils_commands:/home/kr2/adaptative_vs_ws/install/vs_controller/lib/python3.10/site-packages:${PYTHONPATH} /usr/bin/python3 -W ignore:setup.py install is deprecated -W ignore:easy_install command is deprecated setup.py egg_info --egg-base ../../build/vs_controller build --build-base /home/kr2/adaptative_vs_ws/build/vs_controller/build install --record /home/kr2/adaptative_vs_ws/build/vs_controller/install.log --single-version-externally-managed install_data
[0.578s] running egg_info
[0.585s] writing ../../build/vs_controller/vs_controller.egg-info/PKG-INFO
[0.586s] writing dependency_links to ../../build/vs_controller/vs_controller.egg-info/dependency_links.txt
[0.586s] writing entry points to ../../build/vs_controller/vs_controller.egg-info/entry_points.txt
[0.586s] writing requirements to ../../build/vs_controller/vs_controller.egg-info/requires.txt
[0.586s] writing top-level names to ../../build/vs_controller/vs_controller.egg-info/top_level.txt
[0.620s] listing git files failed - pretending there aren't any
[0.830s] reading manifest file '../../build/vs_controller/vs_controller.egg-info/SOURCES.txt'
[0.831s] writing manifest file '../../build/vs_controller/vs_controller.egg-info/SOURCES.txt'
[0.831s] running build
[0.831s] running build_py
[0.831s] copying vs_controller/__init__.py -> /home/kr2/adaptative_vs_ws/build/vs_controller/build/lib/vs_controller
[0.831s] copying vs_controller/Tracking_Error_Plot.py -> /home/kr2/adaptative_vs_ws/build/vs_controller/build/lib/vs_controller
[0.831s] copying vs_controller/visualization.py -> /home/kr2/adaptative_vs_ws/build/vs_controller/build/lib/vs_controller
[0.831s] copying vs_controller/Virtual_Structure_Node.py -> /home/kr2/adaptative_vs_ws/build/vs_controller/build/lib/vs_controller
[0.831s] copying vs_controller/CBFs_Plot.py -> /home/kr2/adaptative_vs_ws/build/vs_controller/build/lib/vs_controller
[0.831s] copying vs_controller/Wheels_Plot.py -> /home/kr2/adaptative_vs_ws/build/vs_controller/build/lib/vs_controller
[0.831s] copying vs_controller/MPC_Plot.py -> /home/kr2/adaptative_vs_ws/build/vs_controller/build/lib/vs_controller
[0.832s] running install
[0.835s] running install_lib
[0.844s] running install_data
[0.844s] copying resource/vs_controller -> /home/kr2/adaptative_vs_ws/install/vs_controller/share/ament_index/resource_index/packages
[0.844s] copying package.xml -> /home/kr2/adaptative_vs_ws/install/vs_controller/share/vs_controller
[0.844s] running install_egg_info
[0.852s] removing '/home/kr2/adaptative_vs_ws/install/vs_controller/lib/python3.10/site-packages/vs_controller-0.0.0-py3.10.egg-info' (and everything under it)
[0.852s] Copying ../../build/vs_controller/vs_controller.egg-info to /home/kr2/adaptative_vs_ws/install/vs_controller/lib/python3.10/site-packages/vs_controller-0.0.0-py3.10.egg-info
[0.853s] running install_scripts
[0.869s] Installing CBFs_Plot script to /home/kr2/adaptative_vs_ws/install/vs_controller/lib/vs_controller
[0.869s] Installing MPC_Plot script to /home/kr2/adaptative_vs_ws/install/vs_controller/lib/vs_controller
[0.870s] Installing Tracking_Error_Plot script to /home/kr2/adaptative_vs_ws/install/vs_controller/lib/vs_controller
[0.870s] Installing Virtual_Structure_Node script to /home/kr2/adaptative_vs_ws/install/vs_controller/lib/vs_controller
[0.870s] Installing Wheels_Plot script to /home/kr2/adaptative_vs_ws/install/vs_controller/lib/vs_controller
[0.870s] Installing visualization script to /home/kr2/adaptative_vs_ws/install/vs_controller/lib/vs_controller
[0.870s] writing list of installed files to '/home/kr2/adaptative_vs_ws/build/vs_controller/install.log'
[0.885s] Invoked command in '/home/kr2/adaptative_vs_ws/src/vs_controller' returned '0': PYTHONPATH=/home/kr2/adaptative_vs_ws/build/vs_controller/prefix_override:/usr/lib/python3/dist-packages/colcon_core/task/python/colcon_distutils_commands:/home/kr2/adaptative_vs_ws/install/vs_controller/lib/python3.10/site-packages:${PYTHONPATH} /usr/bin/python3 -W ignore:setup.py install is deprecated -W ignore:easy_install command is deprecated setup.py egg_info --egg-base ../../build/vs_controller build --build-base /home/kr2/adaptative_vs_ws/build/vs_controller/build install --record /home/kr2/adaptative_vs_ws/build/vs_controller/install.log --single-version-externally-managed install_data
