/home/kr2/.local/lib/python3.10/site-packages/setuptools/_distutils/dist.py:289: UserWarning: Unknown distribution option: 'tests_require'
  warnings.warn(msg)
running egg_info
writing ../../build/vs_controller/vs_controller.egg-info/PKG-INFO
writing dependency_links to ../../build/vs_controller/vs_controller.egg-info/dependency_links.txt
writing entry points to ../../build/vs_controller/vs_controller.egg-info/entry_points.txt
writing requirements to ../../build/vs_controller/vs_controller.egg-info/requires.txt
writing top-level names to ../../build/vs_controller/vs_controller.egg-info/top_level.txt
listing git files failed - pretending there aren't any
reading manifest file '../../build/vs_controller/vs_controller.egg-info/SOURCES.txt'
writing manifest file '../../build/vs_controller/vs_controller.egg-info/SOURCES.txt'
running build
running build_py
copying vs_controller/__init__.py -> /home/kr2/adaptative_vs_ws/build/vs_controller/build/lib/vs_controller
copying vs_controller/Tracking_Error_Plot.py -> /home/kr2/adaptative_vs_ws/build/vs_controller/build/lib/vs_controller
copying vs_controller/visualization.py -> /home/kr2/adaptative_vs_ws/build/vs_controller/build/lib/vs_controller
copying vs_controller/Virtual_Structure_Node.py -> /home/kr2/adaptative_vs_ws/build/vs_controller/build/lib/vs_controller
copying vs_controller/CBFs_Plot.py -> /home/kr2/adaptative_vs_ws/build/vs_controller/build/lib/vs_controller
copying vs_controller/Wheels_Plot.py -> /home/kr2/adaptative_vs_ws/build/vs_controller/build/lib/vs_controller
copying vs_controller/MPC_Plot.py -> /home/kr2/adaptative_vs_ws/build/vs_controller/build/lib/vs_controller
running install
running install_lib
running install_data
copying resource/vs_controller -> /home/kr2/adaptative_vs_ws/install/vs_controller/share/ament_index/resource_index/packages
copying package.xml -> /home/kr2/adaptative_vs_ws/install/vs_controller/share/vs_controller
running install_egg_info
removing '/home/kr2/adaptative_vs_ws/install/vs_controller/lib/python3.10/site-packages/vs_controller-0.0.0-py3.10.egg-info' (and everything under it)
Copying ../../build/vs_controller/vs_controller.egg-info to /home/kr2/adaptative_vs_ws/install/vs_controller/lib/python3.10/site-packages/vs_controller-0.0.0-py3.10.egg-info
running install_scripts
Installing CBFs_Plot script to /home/kr2/adaptative_vs_ws/install/vs_controller/lib/vs_controller
Installing MPC_Plot script to /home/kr2/adaptative_vs_ws/install/vs_controller/lib/vs_controller
Installing Tracking_Error_Plot script to /home/kr2/adaptative_vs_ws/install/vs_controller/lib/vs_controller
Installing Virtual_Structure_Node script to /home/kr2/adaptative_vs_ws/install/vs_controller/lib/vs_controller
Installing Wheels_Plot script to /home/kr2/adaptative_vs_ws/install/vs_controller/lib/vs_controller
Installing visualization script to /home/kr2/adaptative_vs_ws/install/vs_controller/lib/vs_controller
writing list of installed files to '/home/kr2/adaptative_vs_ws/build/vs_controller/install.log'
